----------------------------------------------------------------
2012-11-01 08:28:21.251 GMT:
 Booting Derby version The Apache Software Foundation - Apache Derby - 10.4.2.0 - (689064): instance a816c00e-013a-bb15-d309-0000039faaf0
on database directory /usr/share/hive/examples/files/metastore_db  

Database Class Loader started - derby.database.classpath=''
----------------------------------------------------------------
2012-11-01 08:37:00.105 GMT:
 Booting Derby version The Apache Software Foundation - Apache Derby - 10.4.2.0 - (689064): instance b0130259-013a-bb15-d309-0000039faaf0
on database directory /usr/share/hive/examples/files/TempStatsStore  

Database Class Loader started - derby.database.classpath=''

2012-11-01 08:37:07.233 GMT:
Shutting down instance b0130259-013a-bb15-d309-0000039faaf0
----------------------------------------------------------------
----------------------------------------------------------------
2012-11-01 08:37:44.161 GMT:
 Booting Derby version The Apache Software Foundation - Apache Derby - 10.4.2.0 - (689064): instance ed3142e7-013a-bb15-d309-0000039faaf0
on database directory /usr/share/hive/examples/files/TempStatsStore  

Database Class Loader started - derby.database.classpath=''

2012-11-01 08:37:44.391 GMT:
Shutting down instance ed3142e7-013a-bb15-d309-0000039faaf0
----------------------------------------------------------------
